1654546483658	mozrunner::runner	INFO	Running command: "/usr/bin/firefox" "-marionette" "-foreground" "-no-remote" "-profile" "/tmp/rust_mozprofilej3GbVR"
console.error: Enterprise Policies: 
  Error parsing JSON file
console.warn: SearchSettings: "get: No settings file exists, new profile?" (new Error("", "(unknown module)"))
1654546486119	Marionette	INFO	Listening on port 43463
1654546486246	Marionette	WARN	TLS certificate errors will be ignored for this session
JavaScript error: https://crypt.parrot.sh/bower_components/requirejs/require.js?ver=2.3.5, line 168: Error: Script error for "/common/requireconfig.js", needed by: /common/boot2.js
http://requirejs.org/docs/errors.html#scripterror
JavaScript error: resource://gre/modules/TelemetryUtils.jsm, line 159: TypeError: date is undefined
JavaScript warning: https://community.parrotsec.org/assets/vendor-04908d103e0924f1191953196e3dd61918301d83c58d5c1abbd19bbead3aa846.js, line 4168: unreachable code after return statement
JavaScript error: , line 0: TypeError: NetworkError when attempting to fetch resource.
JavaScript error: , line 0: TypeError: NetworkError when attempting to fetch resource.
JavaScript error: , line 0: TypeError: NetworkError when attempting to fetch resource.
1654546530368	Marionette	INFO	Stopped listening on port 43463
1654546550625	mozrunner::runner	INFO	Running command: "/usr/bin/firefox" "-marionette" "-foreground" "-no-remote" "-profile" "/tmp/rust_mozprofileynHaRq"
console.error: Enterprise Policies: 
  Error parsing JSON file
console.warn: SearchSettings: "get: No settings file exists, new profile?" (new Error("", "(unknown module)"))
1654546552903	Marionette	INFO	Listening on port 38343
1654546553007	Marionette	WARN	TLS certificate errors will be ignored for this session
JavaScript error: resource://gre/modules/TelemetryUtils.jsm, line 159: TypeError: date is undefined
1654546566479	mozrunner::runner	INFO	Running command: "/usr/bin/firefox" "-marionette" "-foreground" "-no-remote" "-profile" "/tmp/rust_mozprofile0h7Aps"
console.error: Enterprise Policies: 
  Error parsing JSON file
console.warn: SearchSettings: "get: No settings file exists, new profile?" (new Error("", "(unknown module)"))
1654546568872	Marionette	INFO	Listening on port 36125
1654546568997	Marionette	WARN	TLS certificate errors will be ignored for this session
JavaScript error: resource://gre/modules/TelemetryUtils.jsm, line 159: TypeError: date is undefined
1654546611157	Marionette	INFO	Stopped listening on port 38343

###!!! [Parent][RunMessage] Error: Channel closing: too late to send/recv, messages will be lost

1654546614387	Marionette	INFO	Stopped listening on port 36125
1654546911916	mozrunner::runner	INFO	Running command: "/usr/bin/firefox" "-marionette" "-foreground" "-no-remote" "-profile" "/tmp/rust_mozprofileSyjmzW"
console.error: Enterprise Policies: 
  Error parsing JSON file
console.warn: SearchSettings: "get: No settings file exists, new profile?" (new Error("", "(unknown module)"))
1654546913957	Marionette	INFO	Listening on port 33901
1654546914078	Marionette	WARN	TLS certificate errors will be ignored for this session
JavaScript error: https://crypt.parrot.sh/bower_components/requirejs/require.js?ver=2.3.5, line 168: Error: Script error for "/common/boot.js?ver=1.0"
http://requirejs.org/docs/errors.html#scripterror
JavaScript error: resource://gre/modules/TelemetryUtils.jsm, line 159: TypeError: date is undefined
JavaScript warning: https://community.parrotsec.org/assets/vendor-04908d103e0924f1191953196e3dd61918301d83c58d5c1abbd19bbead3aa846.js, line 4168: unreachable code after return statement

###!!! [Parent][MessageChannel] Error: (msgtype=0x1F0011,name=PBackgroundStorage::Msg_Observe) Channel error: cannot send/recv


###!!! [Parent][MessageChannel] Error: (msgtype=0x1F0011,name=PBackgroundStorage::Msg_Observe) Channel error: cannot send/recv

1654547158137	Marionette	INFO	Stopped listening on port 33901
1654549035442	mozrunner::runner	INFO	Running command: "/usr/bin/firefox" "-marionette" "-foreground" "-no-remote" "-profile" "/tmp/rust_mozprofileVQIcZA"
console.error: Enterprise Policies: 
  Error parsing JSON file
console.warn: SearchSettings: "get: No settings file exists, new profile?" (new Error("", "(unknown module)"))
1654549037451	Marionette	INFO	Listening on port 35769
1654549037513	Marionette	WARN	TLS certificate errors will be ignored for this session
JavaScript error: resource://activity-stream/lib/ASRouter.jsm, line 988: NS_ERROR_ILLEGAL_VALUE: Component returned failure code: 0x80070057 (NS_ERROR_ILLEGAL_VALUE) [nsIObserverService.removeObserver]
JavaScript error: resource://activity-stream/lib/ASRouter.jsm, line 1062: TypeError: this.dispatchCFRAction is not a function
1654549039485	Marionette	INFO	Stopped listening on port 35769
